<?xml version="1.0" encoding="UTF-8"?>
<!-- Generated by org.testng.reporters.JUnitReportReporter -->
<testsuite skipped="1" hostname="LAPTOP-VCDSLDGR" name="my.runner.usa.amazon.AmazonHomePageRunner" tests="1" failures="0" timestamp="16 Nov 2020 03:30:34 GMT" time="0.000" errors="0">
  <testcase name="feature" time="0.000" classname="my.runner.usa.amazon.AmazonHomePageRunner">
    <skipped/>
  </testcase> <!-- feature -->
</testsuite> <!-- my.runner.usa.amazon.AmazonHomePageRunner -->
