<?xml version="1.0" encoding="UTF-8"?>
<!-- Generated by org.testng.reporters.JUnitReportReporter -->
<testsuite skipped="0" hostname="LAPTOP-VCDSLDGR" name="my.runner.uk.MyRunner2" tests="1" failures="0" timestamp="22 Nov 2020 02:52:52 GMT" time="10.383" errors="0">
  <testcase name="feature" time="10.383" classname="my.runner.uk.MyRunner2"/>
</testsuite> <!-- my.runner.uk.MyRunner2 -->
