<?xml version="1.0" encoding="UTF-8"?>
<!-- Generated by org.testng.reporters.JUnitReportReporter -->
<testsuite skipped="0" hostname="LAPTOP-VCDSLDGR" name="testng.usa.practice.ClassTestNg1" tests="1" failures="0" timestamp="13 Nov 2020 00:32:05 GMT" time="0.001" errors="0">
  <testcase name="getTest" time="0.001" classname="testng.usa.practice.ClassTestNg1"/>
</testsuite> <!-- testng.usa.practice.ClassTestNg1 -->
