<?xml version="1.0" encoding="UTF-8"?>
<!-- Generated by org.testng.reporters.JUnitReportReporter -->
<testsuite skipped="0" hostname="LAPTOP-VCDSLDGR" name="my.runner.uk.zoopla.MyRunner" tests="1" failures="0" timestamp="02 Nov 2020 23:42:48 GMT" time="0.012" errors="0">
  <testcase name="feature" time="0.012" classname="my.runner.uk.zoopla.MyRunner"/>
</testsuite> <!-- my.runner.uk.zoopla.MyRunner -->
