<?xml version="1.0" encoding="UTF-8"?>
<!-- Generated by org.testng.reporters.JUnitReportReporter -->
<testsuite skipped="0" hostname="LAPTOP-VCDSLDGR" name="my.runner.uk.zoopla.MyRunner2" tests="1" failures="0" timestamp="15 Nov 2020 08:21:27 GMT" time="0.037" errors="0">
  <testcase name="feature" time="0.037" classname="my.runner.uk.zoopla.MyRunner2"/>
</testsuite> <!-- my.runner.uk.zoopla.MyRunner2 -->
