<?xml version="1.0" encoding="UTF-8"?>
<!-- Generated by org.testng.reporters.JUnitReportReporter -->
<testsuite skipped="0" hostname="LAPTOP-VCDSLDGR" name="my.runner.usa.amazon.AmazonMyRunner" tests="1" failures="0" timestamp="13 Nov 2020 02:06:10 GMT" time="21.774" errors="0">
  <testcase name="feature" time="21.774" classname="my.runner.usa.amazon.AmazonMyRunner"/>
</testsuite> <!-- my.runner.usa.amazon.AmazonMyRunner -->
