<?xml version="1.0" encoding="UTF-8"?>
<!-- Generated by org.testng.reporters.JUnitReportReporter -->
<testsuite skipped="0" hostname="LAPTOP-VCDSLDGR" name="stepdefinition.uk.zoopla.TestNGClass" tests="1" failures="0" timestamp="09 Nov 2020 05:54:16 GMT" time="13.969" errors="0">
  <testcase name="practice2" time="13.969" classname="stepdefinition.uk.zoopla.TestNGClass"/>
</testsuite> <!-- stepdefinition.uk.zoopla.TestNGClass -->
